[debug] [2021-03-10T15:28:25.455Z] ----------------------------------------------------------------------
[debug] [2021-03-10T15:28:25.457Z] Command:       C:\Program Files\nodejs\node.exe C:\Users\Miuho\AppData\Roaming\npm\node_modules\firebase-tools\lib\bin\firebase.js init
[debug] [2021-03-10T15:28:25.457Z] CLI Version:   9.6.0
[debug] [2021-03-10T15:28:25.457Z] Platform:      win32
[debug] [2021-03-10T15:28:25.457Z] Node Version:  v15.5.1
[debug] [2021-03-10T15:28:25.458Z] Time:          Wed Mar 10 2021 17:28:25 GMT+0200 (Itä-Euroopan normaaliaika)
[debug] [2021-03-10T15:28:25.458Z] ----------------------------------------------------------------------
[debug] [2021-03-10T15:28:25.458Z] 
[debug] [2021-03-10T15:28:25.461Z] > command requires scopes: ["email","openid","https://www.googleapis.com/auth/cloudplatformprojects.readonly","https://www.googleapis.com/auth/firebase","https://www.googleapis.com/auth/cloud-platform"]
[debug] [2021-03-10T15:28:25.461Z] > authorizing via signed-in user
[info] 
     ######## #### ########  ######## ########     ###     ######  ########
     ##        ##  ##     ## ##       ##     ##  ##   ##  ##       ##
     ######    ##  ########  ######   ########  #########  ######  ######
     ##        ##  ##    ##  ##       ##     ## ##     ##       ## ##
     ##       #### ##     ## ######## ########  ##     ##  ######  ########

You're about to initialize a Firebase project in this directory:

  F:\repos\Omnia\react-tinder-clone

[info] 
=== Project Setup
[info] 
[info] First, let's associate this project directory with a Firebase project.
[info] You can create multiple project aliases by running firebase use --add, 
[info] but for now we'll just set up a default project.
[info] 
[debug] [2021-03-10T15:30:33.156Z] >>> [apiv2][query] GET https://firebase.googleapis.com/v1beta1/projects pageSize=100
[debug] [2021-03-10T15:30:33.835Z] <<< [apiv2][status] GET https://firebase.googleapis.com/v1beta1/projects 200
[debug] [2021-03-10T15:30:33.835Z] <<< [apiv2][body] GET https://firebase.googleapis.com/v1beta1/projects [omitted]
[info] i  Using project react-tinder-clone-3c972 (react-tinder-clone) 
[info] 
=== Hosting Setup
[info] 
[info] Your public directory is the folder (relative to your project directory) that
[info] will contain Hosting assets to be uploaded with firebase deploy. If you
[info] have a build process for your assets, use your build's output directory.
[info] 
[debug] [2021-03-10T15:31:33.095Z] >>> [apiv2][query] GET https://www.gstatic.com/firebasejs/releases.json [none]
[debug] [2021-03-10T15:31:33.233Z] <<< [apiv2][status] GET https://www.gstatic.com/firebasejs/releases.json 200
[debug] [2021-03-10T15:31:33.233Z] <<< [apiv2][body] GET https://www.gstatic.com/firebasejs/releases.json {"current":{"version":"8.2.10","browserURL":"https://www.gstatic.com/firebasejs/8.2.10/firebase.js","packageURL":"https://www.gstatic.com/firebasejs/8.2.10/firebase.tgz"},"live":{"version":"8.2","browserURL":"https://www.gstatic.com/firebasejs/live/8.2/firebase.js","packageURL":"https://www.gstatic.com/firebasejs/live/8.2/firebase.tgz"},"components":{"analytics":"https://www.gstatic.com/firebasejs/8.2.10/firebase-analytics.js","app":"https://www.gstatic.com/firebasejs/8.2.10/firebase-app.js","auth":"https://www.gstatic.com/firebasejs/8.2.10/firebase-auth.js","database":"https://www.gstatic.com/firebasejs/8.2.10/firebase-database.js","firestore":"https://www.gstatic.com/firebasejs/8.2.10/firebase-firestore.js","functions":"https://www.gstatic.com/firebasejs/8.2.10/firebase-functions.js","installations":"https://www.gstatic.com/firebasejs/8.2.10/firebase-installations.js","messaging":"https://www.gstatic.com/firebasejs/8.2.10/firebase-messaging.js","storage":"https://www.gstatic.com/firebasejs/8.2.10/firebase-storage.js","performance":"https://www.gstatic.com/firebasejs/8.2.10/firebase-performance.js","remote-config":"https://www.gstatic.com/firebasejs/8.2.10/firebase-remote-config.js","firestore.memory":"https://www.gstatic.com/firebasejs/8.2.10/firebase-firestore.memory.js"}}
[info] +  Wrote build/index.html 
[info] 
[info] i  Detected a .git folder at F:\repos\Omnia\react-tinder-clone 
[info] i  Authorizing with GitHub to upload your service account to a GitHub repository's secrets store. 
[info] 
[info] Visit this URL on this device to log in:
[info] https://github.com/login/oauth/authorize?client_id=89cf50f02ac6aaed3484&state=663926686&redirect_uri=http%3A%2F%2Flocalhost%3A9005&scope=read%3Auser%20repo%20public_repo
[info] 
[info] Waiting for authentication...
[debug] [2021-03-10T15:31:33.794Z] >>> HTTP REQUEST POST https://github.com/login/oauth/access_token  
 {"client_id":"89cf50f02ac6aaed3484","client_secret":"3330d14abc895d9a74d5f17cd7a00711fa2c5bf0","code":"e851fa0ad346bcc58933","redirect_uri":"http://localhost:9005","state":"663926686"}
[debug] [2021-03-10T15:31:34.132Z] <<< HTTP RESPONSE 200 {"server":"GitHub.com","date":"Wed, 10 Mar 2021 15:31:35 GMT","content-type":"application/json; charset=utf-8","transfer-encoding":"chunked","vary":"X-PJAX, Accept-Encoding, Accept, X-Requested-With","etag":"W/\"5fd194ad44f330ebc92ef29504623121\"","cache-control":"max-age=0, private, must-revalidate","strict-transport-security":"max-age=31536000; includeSubdomains; preload","x-frame-options":"deny","x-content-type-options":"nosniff","x-xss-protection":"1; mode=block","referrer-policy":"origin-when-cross-origin, strict-origin-when-cross-origin","expect-ct":"max-age=2592000, report-uri=\"https://api.github.com/_private/browser/errors\"","content-security-policy":"default-src 'none'; base-uri 'self'; block-all-mixed-content; connect-src 'self' uploads.github.com www.githubstatus.com collector.githubapp.com api.github.com github-cloud.s3.amazonaws.com github-production-repository-file-5c1aeb.s3.amazonaws.com github-production-upload-manifest-file-7fdce7.s3.amazonaws.com github-production-user-asset-6210df.s3.amazonaws.com cdn.optimizely.com logx.optimizely.com/v1/events wss://alive.github.com; font-src github.githubassets.com; form-action 'self' github.com gist.github.com; frame-ancestors 'none'; frame-src render.githubusercontent.com; img-src 'self' data: github.githubassets.com identicons.github.com collector.githubapp.com github-cloud.s3.amazonaws.com secured-user-images.githubusercontent.com/ *.githubusercontent.com; manifest-src 'self'; media-src 'none'; script-src github.githubassets.com; style-src 'unsafe-inline' github.githubassets.com; worker-src github.com/socket-worker-6832eced.js gist.github.com/socket-worker-6832eced.js","x-github-request-id":"8D2B:5DA7:1E4C705:1F4A850:6048E657"}
[debug] [2021-03-10T15:31:34.134Z] >>> [apiv2][query] GET https://api.github.com/user [none]
[debug] [2021-03-10T15:31:34.533Z] <<< [apiv2][status] GET https://api.github.com/user 200
[debug] [2021-03-10T15:31:34.533Z] <<< [apiv2][body] GET https://api.github.com/user {"login":"MuhonenN","id":69904353,"node_id":"MDQ6VXNlcjY5OTA0MzUz","avatar_url":"https://avatars.githubusercontent.com/u/69904353?v=4","gravatar_id":"","url":"https://api.github.com/users/MuhonenN","html_url":"https://github.com/MuhonenN","followers_url":"https://api.github.com/users/MuhonenN/followers","following_url":"https://api.github.com/users/MuhonenN/following{/other_user}","gists_url":"https://api.github.com/users/MuhonenN/gists{/gist_id}","starred_url":"https://api.github.com/users/MuhonenN/starred{/owner}{/repo}","subscriptions_url":"https://api.github.com/users/MuhonenN/subscriptions","organizations_url":"https://api.github.com/users/MuhonenN/orgs","repos_url":"https://api.github.com/users/MuhonenN/repos","events_url":"https://api.github.com/users/MuhonenN/events{/privacy}","received_events_url":"https://api.github.com/users/MuhonenN/received_events","type":"User","site_admin":false,"name":null,"company":null,"blog":"","location":"Helsinki, Finland","email":null,"hireable":true,"bio":null,"twitter_username":null,"public_repos":11,"public_gists":0,"followers":1,"following":1,"created_at":"2020-08-19T12:23:14Z","updated_at":"2021-03-09T15:52:31Z","private_gists":0,"total_private_repos":4,"owned_private_repos":4,"disk_usage":66300,"collaborators":0,"two_factor_authentication":true,"plan":{"name":"free","space":976562499,"collaborators":0,"private_repos":10000}}
[info] 
[info] +  Success! Logged into GitHub as MuhonenN 
[info] 
